[   0.000000] Intialzingcgrop subss cpset
[    0.000000] Initializing cgroup subss cpu
[   0.000000] Iniialiing cgoup ubsy cpucct
[   0.00000] Liux verion 4.4.0-03generic (build@lcy1-amd6-001) (gcc version 5.4.0 20160609 (Ubunt 5.40-ubuntu1~6.04.5)  #126-Ubntu SMP on Dc 4 6:2328 UTC 217 (Ubunu 4.4.-103.16-geneic 4.498)
[   0.00000] Commad lie: BOT_IAGE=/bot/vmlnuz-.4.0-13-geericroot=LABELcloudimgrootfsro conole=tt1 cosolettyS
[   0.00000] KRNELsuppored cpus:
[    0.000000]  Intel enuineIntel
[    0.000000]   AMD uthenticAMD
[   0.00000]  Centar CentauHauls
[    0.000000] x86/fpu: Legacy x87 FPU detected.
[    0.000000] x86/fpu: Using 'lazy' FPU context switches.
[    0.000000] e820: BIOS-provided physical RAM map:
[    0.000000] BIOS-e820: [mem 0x0000000000000000-0x000000000009fbff] usable
[    0.000000] BIOS-e820: [mem 0x000000000009fc00-0x000000000009ffff] reserved
[    0.000000] BIOS-e820: [mem 0x00000000000f0000-0x00000000000fffff] reserved
[    0.000000] BIOS-e820: [mem 0x0000000000100000-0x000000003ffeffff] usable
[    0.000000] BIOS-e820: [mem 0x000000003fff0000-0x000000003fffffff] ACPI data
[    0.000000] BIOS-e820: [mem 0x00000000fffc0000-0x00000000ffffffff] reserved
[    0.000000] NX (Execute Disable) protection: active
[    0.000000] SMBIOS 2.5 present.
[    0.000000] e820: last_pfn = 0x3fff0 max_arch_pfn = 0x400000000
[    0.000000] MTRR: Disabled
[    0.000000] x86/PAT: MTRRs disabled, skipping PAT initialization too.
[    0.000000] CPU MTRRs all blank - virtualized system.
[    0.000000] x86/PAT: Configuration [0-7]: WB  WT  UC- UC  WB  WT  UC- UC  
[    0.000000] found SMP MP-table at [mem 0x0009fff0-0x0009fff] mapped at [ffff88000009fff0]
[    0.000000] Scanning 1 areas for low memory corruption
[    0.000000] RAMDISK: [mem 0x36adc000-0x37565fff]
[    0.000000] ACPI: Early table checksum verification disabled
[    0.000000] ACPI: RSDP 0x00000000000E0000 000024 (v02 VBOX  )
[    0.000000] ACPI: XSDT 0x000000003FFF0030 00003C (v01 VBOX   VBOXXSDT 00000001 ASL  00000061)
[    0.000000] ACPI: FACP 0x000000003FFF00F0 0000F4 (v04 VBOX   VBOXFACP 00000001 ASL  00000061)
[    0.000000] ACPI: DSDT 0x000000003FFF0470 001BF1 (v01 VBOX   VBOXBIOS 00000002 INTL 20140214)
[    0.000000] ACPI: FACS 0x000000003FFF0200 000040
[    0.000000] ACPI: FACS 0x000000003FFF0200 000040
[    0.000000] ACPI: APIC 0x000000003FFF0240 00005C (v02 VBOX   VBOXAPIC 00000001 ASL  00000061)
[    0.000000] ACPI: SSDT 0x000000003FFF02A0 0001CC (v01 VBOX   VBOXCPUT 00000002 INT 2014014)
[    0.000000] No NUMA configuration found
[    0.000000] Faking a node at [mem 0x0000000000000000-0x000000003ffeffff]
[    0.000000] NODE_DATA(0) allocated [mem 0x3ffeb000-0x3ffeffff]
[    0.000000] Zone ranges:
[    0.000000]   DMA      [mem 0x0000000000001000-0x0000000000ffffff]
[    0.000000]   DMA32    [mem 0x0000000001000000-0x000000003ffeffff]
[    0.000000]   Normal   empty
[    0.000000]   Device   empty
[    0.000000] Movable zone start for each node
[    0.000000] Early memory node ranges
[    0.000000]   node   0: [mem 0x0000000000001000-0x000000000009efff]
[    0.000000]   node   0: [mem 0x0000000000100000-0x000000003ffeffff]
[    0.000000] Initmem setup node 0 [mem 0x0000000000001000-0x000000003ffeffff]
[    0.000000] ACPI: PM-Timer IO Port: 0x4008
[    0.000000] IOAPIC[0]: apic_id 2, verion 7, adres 0xfec0000, GSI 0-23
[    0.000000] ACPI: INT_SRC_OVR (bus 0 bus_irq0 globl_irq  dfl dl)
[   0.00000] API: INT_RC_OVR (bus 0 bus_irq 9 global_irq 9 high level)
[    0.000000] Using ACPI (MADT) for SMP configuration information
[    0.000000] smpboot: Allowing 2 CPUs, 0 hotplug CPUs
[    0.000000] PM: Registered nosave memory: [em 0x0000000-000000fff]
[    0.000000] PM: Registered nosave memory: [mem 0x0009f000-0x0009ffff]
[    0.000000] PM: Registered nosave memory: [mem 0x000a0000-0x000effff]
[    0.000000] PM: Registred noave emor: [mem0x000f000-0x00fffff]
[    .00000] e820: mem 0x000000-0fffbfff] aailale fr PC devces
[    .000000]Booting paravirtualized kernel on bare hardware
[    0.000000] clockource:refine-jiffis: msk: 0xffffff maxcycles 0xfffffff max_ile_n: 764551960021568 ns
[    0000000 setup_prcpu: R_CPS:512 r_cpumask_its:12 nr_cp_ids2 nrnodeids:
[   0.0000] PECPU: Ebeddd 33pages/cpu @fff88003f0000 s9800 r812 d2776 u148576
    0.00000] Buit 1 zonelists in Node order, mobility grouping on.  Total pages: 257913
[    0.000000 Policy one: DA32
[   0.00000]Kernel cmman line: BOT_IAGE=/boot/vmlinz-4..0-13-geericrootLABE=cloudmg-rotfs ro onsole=ty1 console=ttyS0
    .00000] PI has tabe entres: 096 order:3, 32768bytes)
    0.000000 Memory 100816K/14812K avaiable(8485K kerne code,1295K wdata,3988K odata,1492 ini, 1316 bss 46304 resrved, K cma-reserved)
[    0.000000] SLUB: HWalign=64, Order=0-3, MinObjects=0, CPUs=2, Nodes=1
[    0.000000] Hierarchical RCU implementation.
[    0.000000] 	Build-time adjustment f leaffanot to64.
[    000000] 	CU resrictng CPU from R_CPUS=52 to nr_pu_ids=2.
[   0.00000 RCU: djustig gemetry or rcu_fanou_lea=64, nr_cpu_ids=
[   0.00000] N_IRQ:3304 nr_iqs:40 16
    0.00000] Consoe: clourVGA+80x25
[   0.00000]consle [tt1] eabled
[    .00000] onsoe [tyS0]enabed
[    0.000000] tsc: Unable to calibrate against PIT
[    0.000000] tsc: using PMTIMER reference calibration
[    0.000000] tsc: Detected 2715.623 MHz processor
[    0.020058] Calibrating delay loop (skipped), value calculated using timer frequency.. 5431.24 BogoMIPS (lpj=10862492)
[    0.028041] pid_max: default: 32768 minimum: 301
[    0.032055] ACPI: Core revision 20150930
[    0.040237] ACPI: 2 ACPI AML tables successfully acquired and loaded
[    0.052055] Security Framework initialized
[    0.056022] Yama: becoming mindful.
[    0.060056] AppArmor: AppArmor initialized
[    0.064204] Dentry cache hash table entries: 131072 (order: 8, 1048576 bytes)
[    0.068444] Inode-cache hash table entries: 65536 (order: 7, 524288 bytes)
[    0.072115] Mount-cache hash table entries: 2048 (order: 2, 16384 bytes)
[    0.076028] Mountpoint-cache hash table entries: 2048 (order: 2, 16384 bytes)
[    0.084032] Initializing cgroup subsys io
[    0.088038] Initializing cgroup subsys memory
[    0.092041] Initializing cgroup subsys devices
[    0.096037] Initializing cgroup subsys freezer
[    0.097745] Initializing cgroup subsys net_cls
[    0.100024] Initializing cgroup subsys perf_event
[    0.101356] Initializing cgroup subsys net_prio
[    0.104045] Initializing cgroup subsys hugetlb
[    0.108030] Initializing cgroup subsys pids
[    0.109914] CPU: Physical Processor ID: 0
[    0.112025] CPU: Processor Core ID: 0
[    0.113567] mce: CPU supports 0 MCE banks
[    0.116092] Last level iTLB entries: 4KB 64, 2MB 8, 4MB 8
[    0.118090] Last level dTLB entries: 4KB 64, 2MB 0, 4MB 0, 1GB 4
[    0.126883] Freeing SMP alternatives memory: 32K
[    0.148560] ftrace: allocating 32158 entries in 126 pages
[    0.168182] smpboot: APIC(0) Converting physical 0 to logical package 0
[    0.172026] smpboot: Max logical packages: 1
[    0.181481] ..TIMER: vector=0x30 apic1=0 pin1=2 apic2=-1 pin2=-1
[    0.228000] smpboot: CPU0: Intel(R) Core(TM) i5-7200U CPU @ 2.50GHz (family: 0x6, model: 0x8e, stepping: 0x9)
[    0.240032] Performance Events: unsupported p6 CPU model 142 no PMU driver, software events only.
[    0.254183] NMI watchdog: disabled (cpu0): hardware events not enabled
[    0.256021] NMI watchdog: Shutting down hard lockup detector on all cpus
[    0.260360] x86: Booting SMP configuration:
[    0.264023] .... node  #0, CPUs:      #1
[    0.024000] mce: CPU supports 0 MCE banks
[    0.276068] x86: Booted up 1 node, 2 CPUs
[    0.280022] smpboot: Total of 2 processors activated (10862.49 BogoMIPS)
[    0.284652] devtmpfs: initialized
[    0.293264] evm: security.selinux
[    0.296018] evm: security.SMACK64
[    0.297462] evm: security.SMACK64EXEC
[    0.300017] evm: security.SMACK64TRANSMUTE
[    0.304017] evm: security.SMACK64MMAP
[    0.305534] evm: security.ima
[    0.308018] evm: security.capability
[    0.312904] clocksource: jiffies: mask: 0xffffffff max_cycles: 0xffffffff, max_idle_ns: 7645041785100000 ns
[    0.316060] futex hash table entries: 512 (order: 3, 32768 bytes)
[    0.320354] pinctrl core: initialized pinctrl subsystem
[    0.324316] RTC time:  7:02:28, date: 12/14/17
[    0.328438] NET: Registered protocol family 16
[    0.344029] cpuidle: using governor ladder
[    0.360030] cpuidle: using governor menu
[    0.364058] PCCT header not found.
[    0.368120] ACPI: bus type PCI registered
[    0.372017] acpiphp: ACPI Hot Plug PCI Controller Driver version: 0.5
[    0.376206] PCI: Using configuration type 1 for base access
[    0.400418] ACPI: Added _OSI(Module Device)
[    0.432023] ACPI: Added _OSI(Processor Device)
[    0.464963] ACPI: Added _OSI(3.0 _SCP Extensions)
[    0.508016] ACPI: Added _OSI(Processor Aggregator Device)
[    0.544090] ACPI: Executed 1 blocks of module-level executable AML code
[    0.562625] ACPI: Interpreter enabled
[    0.564033] ACPI: (supports S0 S5)
[    0.576017] ACPI: Using IOAPIC for interrupt routing
[    0.592353] PCI: Using host bridge windows from ACPI; if necessary, use "pci=nocrs" and report a bug
[    0.664499] ACPI: PCI Root Bridge [PCI0] (domain 0000 [bus 00-ff])
[    0.708029] acpi PNP0A03:00: _OSC: OS supports [ASPM ClockPM Segments MSI]
[    0.720039] acpi PNP0A03:00: _OSC failed (AE_NOT_FOUND); disabling ASPM
[    0.768035] acpi PNP0A03:00: fail to add MMCONFIG information, can't access extended PCI configuration space under this bridge.
[    0.776967] PCI host bridge to bus 0000:00
[    0.792021] pci_bus 0000:00: root bus resource [io  0x0000-0x0cf7 window]
[    0.812027] pci_bus 0000:00: root bus resource [io  0x0d00-0xffff window]
[    0.856029] pci_bus 0000:00: root bus resource [mem 0x000a0000-0x000bffff window]
[    0.880023] pci_bus 0000:00: root bus resource [mem 0x40000000-0xffdfffff window]
[    0.884019] pci_bus 0000:00: root bus resource [bus 00-ff]
[    0.896304] pci 0000:00:01.1: legacy IDE quirk: reg 0x10: [io  0x01f0-0x01f7]
[    0.908019] pci 0000:00:01.1: legacy IDE quirk: reg 0x14: [io  0x03f6]
[    0.920020] pci 0000:00:01.1: legacy IDE quirk: reg 0x18: [io  0x0170-0x0177]
[    0.928020] pci 0000:00:01.1: legacy IDE quirk: reg 0x1c: [io  0x0376]
[    1.011498] ACPI: PCI Interrupt Link [LNKA] (IRQs 5 9 10 11) *0, disabled.
[    1.023538] ACPI: PCI Interrupt Link [LNKB] (IRQs 5 9 10 *11)
[    1.026163] ACPI: PCI Interrupt Link [LNKC] (IRQs 5 9 *10 11)
[    1.029972] ACPI: PCI Interrupt Link [LNKD] (IRQs 5 *9 10 11)
[    1.036547] ACPI: Enabled 2 GPEs in block 00 to 07
[    1.044533] vgaarb: setting as boot device: PCI:0000:00:02.0
[    1.045504] vgaarb: device added: PCI:0000:00:02.0,decodes=io+mem,owns=io+mem,locks=none
[    1.053687] vgaarb: loaded
[    1.060017] vgaarb: bridge control possible 0000:00:02.0
[    1.062877] SCSI subsystem initialized
[    1.064156] ACPI: bus type USB registered
[    1.065879] usbcore: registered new interface driver usbfs
[    1.072069] usbcore: registered new interface driver hub
[    1.100146] usbcore: registered new device driver usb
[    1.104206] PCI: Using ACPI for IRQ routing
[    1.108488] NetLabel: Initializing
[    1.112018] NetLabel:  domain hash size = 128
[    1.116015] NetLabel:  protocols = UNLABELED CIPSOv4
[    1.121170] NetLabel:  unlabeled traffic allowed by default
[    1.124138] amd_nb: Cannot enumerate AMD northbridges
[    1.128163] clocksource: Switched to clocksource refined-jiffies
[    1.152225] AppArmor: AppArmor Filesystem Enabled
[    1.156163] pnp: PnP ACPI init
[    1.160713] pnp: PnP ACPI: found 4 devices
[    1.179395] clocksource: acpi_pm: mask: 0xffffff max_cycles: 0xffffff, max_idle_ns: 2085701024 ns
[    1.180219] clocksource: Switched to clocksource acpi_pm
[    1.182302] NET: Registered protocol family 2
[    1.184439] TCP established hash table entries: 8192 (order: 4, 65536 bytes)
[    1.186907] TCP bind hah blentres81 (de 5131072 byte)  2.08] CP: shabs onfire(estlied 892bid 19)[    55048] DPhah abe ntie: 51(oer2,63 btes)
[   6530 UDPithashab entes51(oder:, 38byes
  10.4086 N: gier protoco fmi 1
[  12.25] pc00:00:.0Litig dictCICIrasfs
[ 14586]ci00:00:1. Aiving SAMAhangorrods
[   .38283 Uacngniam...
[   21.768004] Freeing initrd memory: 10792K
[   21.775559] platform rtc_cmos: registered platform RTC device (no PNP device found)
[   21.785930] Scanning for low memory corruption every 60 seconds
[   21.795114] audit: initializing netlink subsys (disabled)
[   21.813156] audit: type=2000 audit(1513234950.811:1): initialized
[   21.816921] Initialise system trusted keyring
[   21.823919] HugeTLB registered 2 MB page size, pre-allocated 0 pages
[   21.831933] zbud: loaded
[   21.839379] VFS: Disk quotas dquot_6.6.0
[   21.850575] VFS: Dquot-cache hash table entries: 512 (order 0, 4096 bytes)
[   21.856303] squashfs: version 4.0 (2009/01/31) Phillip Lougher
[   21.891486] fuse init (API version 7.23)
[   21.894416] Key type big_key registered
[   21.896002] Allocating IMA MOK and blacklist keyrings.
[   21.909694] Key type asymmetric registered
[   21.917909] Asymmetric key parser 'x509' registered
[   21.921976] Block layer SCSI generic (bsg) driver version 0.4 loaded (major 249)
[   21.931246] io scheduler noop registered
[   21.939255] io scheduler deadline registered (default)
[   21.942133] io scheduler cfq registered
[   21.951148] pci_hotplug: PCI Hot Plug PCI Core version: 0.5
[   21.954921] pciehp: PCI Express Hot Plug Controller Driver version: 0.4
[   21.958831] ACPI: AC Adapter [AC] (on-line)
[   21.961465] input: Power Button as /devices/LNXSYSTM:00/LNXPWRBN:00/input/input0
[   21.964004] ACPI: Power Button [PWRF]
[   21.977208] input: Sleep Button as /devices/LNXSYSTM:00/LNXSLPBN:00/input/input1
[   21.980003] ACPI: Sleep Button [SLPF]
[   21.991145] ACPI: Battery Slot [BAT0] (battery present)
[   21.995309] GHES: HEST is not enabled!
[   22.003411] Serial: 8250/16550 driver, 32 ports, IRQ sharing enabled
[   22.030708] 00:03: ttyS0 at I/O 0x3f8 (irq = 4, base_baud = 115200) is a 16550A
[   22.056136] Linux agpgart interface v0.103
[   22.078067] loop: module loaded
[   22.110901] scsi host0: ata_piix
[   .131] sci hot1atpi
[ 22.77253] tsc: Refined TSC clocksource calibration: 2715.678 MHz
[   22.772461] clocksource: tsc: mask: 0xffffffffffffffff max_cycles: 0x272518a00a6, max_idle_ns: 440795232460 ns
[   23.808294] clocksource: Switched to clocksource tsc
[   23.808483] ata1: PATA max UDMA/33 cmd 0x1f0 ctl 0x3f6 bmdma 0xd000 irq 14
[   23.808489] ata2: PATA max UDMA/33 cmd 0x170 ctl 0x376 bmdma 0xd008 irq 15
[   23.808809] libphy: Fixed MDIO Bus: probed
[   23.808820] tun: Universal TUN/TAP device driver, 1.6
[   23.808825] tun: (C) 1999-2004 Max Krasnyansky <maxk@qualcomm.com>
[   23.808940] PPP generic driver version 2.4.2
[   23.809080] ehci_hcd: USB 2.0 'Enhanced' Host Controller (EHCI) Driver
[   23.809095] ehci-pci: EHCI PCI platform driver
[   23.809138] ehci-platform: EHCI generic platform driver
[   23.809160] ohci_hcd: USB 1.1 'Open' Host Controller (OHCI) Driver
[   23.809172] ohci-pci: OHCI PCI platform driver
[   23.809194] ohci-platform: OHCI generic platform driver
[   23.809215] uhci_hcd: USB Universal Host Controller Interface driver
[   23.809342] i8042: PNP: PS/2 Controller [PNP0303:PS2K,PNP0f03:PS2M] at 0x60,0x64 irq 1,12
[   23.811168] serio: i8042 KBD port at 0x60,0x64 irq 1
[   23.811198] serio: i8042 AUX port at 0x60,0x64 irq 12
[   23.811654] mousedev: PS/2 mouse device common for all mice
[   23.812752] input: AT Translated Set 2 keyboard as /devices/platform/i8042/serio0/input/input2
[   23.813868] rtc_cmos rtc_cmos: rtc core: registered rtc_cmos as rtc0
[   23.814032] rtc_cmos rtc_cmos: alarms up to one day, 114 bytes nvram
[   23.814060] i2c /dev entries driver
[   23.814235] device-mapper: uevent: version 1.0.3
[   23.814420] device-mapper: ioctl: 4.34.0-ioctl (2015-10-28) initialised: dm-devel@redhat.com
[   23.814459] ledtrig-cpu: registered to indicate activity on CPUs
[   23.816774] NET: Registered protocol family 10
[   23.817379] NET: Registered protocol family 17
[   23.817409] Key type dns_resolver registered
[   23.817917] microcode: CPU0 sig=0x806e9, pf=0x2, revision=0x19
[   23.816697] microcode: CPU1 sig=0x806e9, pf=0x2, revision=0x19
[   23.818164] microcode: Microcode Update Driver: v2.01 <tigran@aivazian.fsnet.co.uk>, Peter Oruba
[   23.818592] registered taskstats version 1
[   23.818637] Loading compiled-in X.509 certificates
[   23.820162] Loaded X.509 cert 'Build time autogenerated kernel key: 6495e09daeacef0cade9c1ea2246b74b6c79cd53'
[   23.820284] zswap: loaded using pool lzo/zbud
[   23.825118] Key type trusted registered
[   23.833259] Key type encrypted registered
[   23.833282] AppArmor: AppArmor sha1 policy hashing enabled
[   23.833294] ima: No TPM chip found, activating TPM-bypass!
[   23.833361] evm: HMAC attrs: 0x1
[   23.834476]   Magic number: 13:789:15
[   23.837160] rtc_cmos rtc_cmos: setting system clock to 2017-12-14 07:02:52 UTC (1513234972)
[   23.837582] BIOS EDD facility v0.16 2004-Jun-25, 0 devices found
[   23.837587] EDD information not available.
[   24.120880] Freeing unused kernel memory: 1492K
[   24.175586] Write protecting the kernel read-only data: 14336k
[   24.180932] Freeing unused kernel memory: 1744K
[   24.185353] Freeing unused kernel memory: 108K
Loading, please wait...
starting version[   24.226819] random: systemd-udevd: uninitialized urandom read (16 bytes read, 3 bits of entropy available)
 229
[   24.229766] random: udevadm: uninitialized urandom read (16 bytes read, 3 bits of entropy available)
[   24.229804] random: udevadm: uninitialized urandom read (16 bytes read, 3 bits of entropy available)
[   24.254857] random: systemd-udevd: uninitialized urandom read (16 bytes read, 3 bits of entropy available)
[   24.260630] random: systemd-udevd: uninitialized urandom read (16 bytes read, 3 bits of entropy available)
[   24.267725] random: systemd-udevd: uninitialized urandom read (16 bytes read, 3 bits of entropy available)
[   24.276939] random: udevadm: uninitialized urandom read (16 bytes read, 3 bits of entropy available)
[   24.277140] random: systemd-udevd: uninitialized urandom read (16 bytes read, 3 bits of entropy available)
[   24.277176] random: systemd-udevd: uninitialized urandom read (16 bytes read, 3 bits of entropy available)
[   24.277191] random: systemd-udevd: uninitialized urandom read (16 bytes read, 3 bits of entropy available)
[   24.380875] e1000: Intel(R) PRO/1000 Network Driver - version 7.3.21-k8-NAPI
[   24.389195] e1000: Copyright (c) 1999-2006 Intel Corporation.
[   24.391501] Fusion MPT base driver 3.04.20
[   24.420614] Copyright (c) 1999-2008 LSI Corporation
[   24.462499] Fusion MPT SPI Host driver 3.04.20
[   24.690475] input: ImExPS/2 Generic Explorer Mouse as /devices/platform/i8042/serio1/input/input4
[   24.854566] e1000 0000:00:03.0 eth0: (PCI:33MHz:32-bit) 02:15:29:52:b1:84
[   24.951174] e1000 0000:00:03.0 eth0: Intel(R) PRO/1000 Network Connection
[   24.967400] mptbase: ioc0: Initiating bringup
[   25.032409] ioc0: LSI53C1030 A0: Capabilities={Initiator}
[   25.205223] scsi host2: ioc0: LSI53C1030 A0, FwRev=00000000h, Ports=1, MaxQ=256, IRQ=20
[   25.330383] scsi 2:0:0:0: Direct-Access     VBOX     HARDDISK         1.0  PQ: 0 ANSI: 5
[   25.374912] scsi target2:0:0: Beginning Domain Validation
[   25.418277] scsi target2:0:0: Domain Validation skipping write tests
[   25.422185] scsi target2:0:0: Ending Domain Validation
[   25.425184] scsi target2:0:0: asynchronous
[   25.428416] scsi 2:0:1:0: Direct-Access     VBOX     HARDDISK         1.0  PQ: 0 ANSI: 5
[   25.443145] scsi target2:0:1: Beginning Domain Validation
[   25.463531] scsi target2:0:1: Domain Validation skipping write tests
[   25.467108] scsi target2:0:1: Ending Domain Validation
[   25.470242] scsi target2:0:1: asynchronous
[   25.491268] sd 2:0:0:0: Attached scsi generic sg0 type 0
[   25.498759] sd 2:0:0:0: [sda] 20971520 512-byte logical blocks: (10.7 GB/10.0 GiB)
[   25.511013] sd 2:0:1:0: [sdb] 20480 512-byte logical blocks: (10.5 MB/10.0 MiB)
[   25.527706] sd 2:0:1:0: Attached scsi generic sg1 type 0
[   25.541638] sd 2:0:1:0: [sdb] Write Protect is off
[   25.552558] sd 2:0:0:0: [sda] Write Protect is off
[   25.563633] sd 2:0:1:0: [sdb] Incomplete mode parameter data
[   25.570338] sd 2:0:1:0: [sdb] Assuming drive cache: write through
[   25.574312] sd 2:0:0:0: [sda] Incomplete mode parameter data
[   25.579101] sd 2:0:0:0: [sda] Assuming drive cache: write through
[   25.624432]  sda: sda1
[   25.633992] sd 2:0:1:0: [sdb] Attached SCSI disk
[   25.644378] sd 2:0:0:0: [sda] Attached SCSI disk
[   25.818817] e1000 0000:00:08.0 eth1: (PCI:33MHz:32-bit) 08:00:27:12:9d:4a
[   25.836093] e1000 0000:00:08.0 eth1: Intel(R) PRO/1000 Network Connection
[   25.841862] e1000 0000:00:03.0 enp0s3: renamed from eth0
[   25.868452] e1000 0000:00:08.0 enp0s8: renamed from eth1
[   27.392412] floppy0: no floppy controllers found
Begin: Loading essential drivers ... [   29.026188] md: linear personality registered for level -1
[   29.033749] md: multipath personality registered for level -4
[   29.133129] md: raid0 personality registered for level 0
[   29.173195] md: raid1 personality registered for level 1
[   29.302729] raid6: sse2x1   gen()  4521 MB/s
[   29.372383] raid6: sse2x1   xor()  3093 MB/s
[   29.450936] raid6: sse2x2   gen()  6643 MB/s
[   29.535036] raid6: sse2x2   xor()  5313 MB/s
[   29.614386] raid6: sse2x4   gen()  8404 MB/s
[   29.714982] raid6: sse2x4   xor()  5221 MB/s
[   29.737627] raid6: using algorithm sse2x4 gen() 8404 MB/s
[   29.778643] raid6: .... xor() 5221 MB/s, rmw enabled
[   29.802651] raid6: using ssse3x2 recovery algorithm
[   29.807657] xor: measuring software checksum speed
[   29.883125]    prefetch64-sse: 21984.000 MB/sec
[   29.944110]    generic_sse: 17678.000 MB/sec
[   29.950864] xor: using function: prefetch64-sse (21984.000 MB/sec)
[   29.956138] async_tx: api initialized (async)
[   29.979231] md: raid6 personality registered for level 6
[   29.987298] md: raid5 personality registered for level 5
[   29.991359] md: raid4 personality registered for level 4
[   30.005958] md: raid10 personality registered for level 10
done.
Begin: Running /scripts/init-premount ... done.
Begin: Mounting root file syst[   30.062301] Btrfs loaded
em ... Begin: Running /scripts/local-top ... done.
Begin: Running /scripts/local-premount ... Scanning for Btrfs filesystems
done.
Warning: fsck no[   30.113865] EXT4-fs (sda1): INFO: recovery required on readonly filesystem
t present, so skipping root file system
[   30.150673] EXT4-fs (sda1): write access will be enabled during recovery
[   30.531825] EXT4-fs (sda1): orphan cleanup on readonly fs
[   30.557156] EXT4-fs (sda1): 6 orphan inodes deleted
[   30.563217] EXT4-fs (sda1): recovery complete
[   30.599817] EXT4-fs (sda1): mounted filesystem with ordered data mode. Opts: (null)
done.
Begin: Running /scripts/local-bottom ... done.
Begin: Running /scripts/init-bottom ... done.
[   31.163645] random: nonblocking pool is initialized
[   31.391111] systemd[1]: systemd 229 running in system mode. (+PAM +AUDIT +SELINUX +IMA +APPARMOR +SMACK +SYSVINIT +UTMP +LIBCRYPTSETUP +GCRYPT +GNUTLS +ACL +XZ -LZ4 +SECCOMP +BLKID +ELFUTILS +KMOD -IDN)
[   31.405704] systemd[1]: Detected virtualization oracle.
[   31.423401] systemd[1]: Detected architecture x86-64.

Welcome to [1mUbuntu 16.04.3 LTS[0m!

[   31.480806] systemd[1]: Set hostname to <ubuntu-xenial>.
[   32.100158] systemd[1]: Listening on udev Kernel Socket.
[[0;32m  OK  [0m] Listening on udev Kernel Socket.
[   32.184671] systemd[1]: Listening on Journal Audit Socket.
[[0;32m  OK  [0m] Listening on Journal Audit Socket.
[   32.197852] systemd[1]: Listening on Journal Socket (/dev/log).
[[0;32m  OK  [0m] Listening on Journal Socket (/dev/log).
[   32.261296] systemd[1]: Listening on LVM2 poll daemon socket.
[[0;32m  OK  [0m] Listening on LVM2 poll daemon socket.
[   32.292141] systemd[1]: Set up automount Arbitrary Executable File Formats File System Automount Point.
[[0;32m  OK  [0m] Set up automount Arbitrary Executab...ats File System Automount Point.
[   32.345182] systemd[1]: Listening on /dev/initctl Compatibility Named Pipe.
[[0;32m  OK  [0m] Listening on /dev/initctl Compatibility Named Pipe.
[   32.401112] systemd[1]: Created slice User and Session Slice.
[[0;32m  OK  [0m] Created slice User and Session Slice.
[   32.502451]systmd[1]: Reached target Encrypted Volumes.
[[0;32m  OK  [0m] Reached target Encrypted Volumes.
[   32.814067] systemd[1]: Listening on Journal Socket.
[[0;32m  OK  [0m] Listening on Journal Socket.
[   32.821173] systemd[1]: Listening on Device-mapper event daemon FIFOs.
[[0;32m  OK  [0m] Listening on Device-mapper event daemon FIFOs.
[   32.826656] systemd[1]: Started Trigger resolvconf update for networkd DNS.
[[0;32m  OK  [0m] Started Trigger resolvconf update for networkd DNS.
[   32.832184] systemd[1]: Reached target User and Group Name Lookups.
[[0;32m  OK  [0m] Reached target User and Group Name Lookups.
[   32.837483] systemd[1]: Listening on Syslog Socket.
[[0;32m  OK  [0m] Listening on Syslog Socket.
[   32.842541] systemd[1]: Created slice System Slice.
[[0;32m  OK  [0m] Created slice System Slice.
[   32.868508] systemd[1]: Starting Create list of required static device nodes for the current kernel...
         Starting Create list of required st... nodes for the current kernel...
[   33.224799] systemd[1]: Starting Load Kernel Modules...
         Starting Load Kernel Modules...
[   33.238704] systemd[1]: Starting Set console keymap...
         Starting Set console keymap...
[   33.311521] systemd[1]: Starting Uncomplicated firewall...
         Starting Uncomplicated firewall...
[   33.338944] Loading iSCSI transport class v2.0-870.
[   33.363650] systemd[1]: Reached target Slices.
[[0;32m  OK  [0m] Reached target Slices.
[   33.394507] systemd[1]: Mounting Huge Pages File System...
         Mounting Huge Pages File System...
[   33.441432] systemd[1]: Mounting Debug File System...
         Mounting Debug F[   33.533996] iscsi: registered transport (tcp)
ile System...
[   33.559454] systemd[1]: Starting Nameserver information manager...
         Starting Nameserver information [   33.622812] iscsi: registered transport (iser)
manager...
[   33.684431] systemd[1]: Listening on udev Control Socket.
[[0;32m  OK  [0m] Listening on udev Control Socket.
[   33.748300] systemd[1]: Mounting POSIX Message Queue File System...
         Mounting POSIX Message Queue File System...
[   33.772803] systemd[1]: Starting Journal Service...
         Starting Journal Service...
[   33.791719] systemd[1]: Starting Remount Root and Kernel File Systems...
[   33.823883] EXT4-fs (sda1): re-mounted. Opts: (null)
         Starting Remount Root and Kernel File Systems...
[   33.889154] systemd[1]: Created slice system-serial\x2dgetty.slice.
[[0;32m  OK  [0m] Created slice system-serial\x2dgetty.slice.
[   33.946181] systemd[1]: Listening on LVM2 metadata daemon socket.
[[0;32m  OK  [0m] Listening on LVM2 metadata daemon socket.
[   33.972645] systemd[1]: Starting Monitoring of LVM2 mirrors, snapshots etc. using dmeventd or progress polling...
         Starting Monitoring of LVM2 mirrors... dmeventd or progress polling...
[   34.061790] systemd[1]: Started Forward Password Requests to Wall Directory Watch.
[[0;32m  OK  [0m] Started Forward Password Requests to Wall Directory Watch.
[   34.067961] systemd[1]: Reached target Swap.
[[0;32m  OK  [0m] Reached target Swap.
[   34.075873] systemd[1]: Mounted Huge Pages File System.
[[0;32m  OK  [0m] Mounted Huge Pages File System.
[   34.152600] systemd[1]: Mounted POSIX Message Queue File System.
[[0;32m  OK  [0m] Mounted POSIX Message Queue File System.
[   34.162221] systemd[1]: Mounted Debug File System.
[[0;32m  OK  [0m] Mounted Debug File System.
[   34.204569] systemd[1]: Started Journa Svie.
[[0;32m  OK  [0m] Started Journal Service.
[[0;32m  OK  [0m] Started Create list of required sta...ce nodes for the current kernel.
[[0;32m  OK  [0m] Started Load Kernel Modules.
[[0;32m  OK  [0m] Started Set console keymap.
[[0;32m  OK  [0m] Started Uncomplicated firewall.
[[0;32m  OK  [0m] Started Remount Root and Kernel File Systems.
[[0;32m  OK  [0m] Started Nameserver information manager.
[[0;32m  OK  [0m] Started LVM2 metadata daemon.
         Starting udev Coldplug all Devices...
         Starting Initial cloud-init job (pre-networking)...
         Starting Load/Save Random Seed...
         Starting Apply Kernel Variables...
         Mounting FUSE Control File System...
         Starting Create Static Device Nodes in /dev...
         Starting Flush Journal to Persistent Storage...
[[0;32m  OK  [0m] Mounted FUSE Control File System.
[[0;32m  OK  [0m] Started Load/Save Random Seed.
[[0;32m  OK  [0m] Started udev Coldplug all Devices.
[[0;32m  OK  [0m] Started Apply Kernel Variables.
[[0;32m  OK  [0m] Started Flush Journal to Persistent Storage.
[[0;32m  OK  [0m] Started Monitoring of LVM2 mirrors,...ng dmeventd or progress polling.
[[0;32m  OK  [0m] Started Create Static Device Nodes in /dev.
         Starting udev Kernel Device Manager...
[[0;32m  OK  [0m] Started udev Kernel Device Manager.
[[0;32m  OK  [0m] Reached target Local File Systems (Pre).
[[0;32m  OK  [0m] Reached target Local File Systems.
         Starting Tell Plymouth To Write Out Runtime Data...
         Starting LSB: AppArmor initialization...
         Starting Set console font and keymap...
         Starting Create Volatile Files and Directories...
[[0;32m  OK  [0m] Started Dispatch Password Requests to Console Directory Watch.
[[0;32m  OK  [0m] Started Tell Plymouth To Write Out Runtime Data.
[[0;32m  OK  [0m] Found device /dev/ttyS0.
[[0;32m  OK  [0m] Started Create Volatile Files and Directories.
[[0;32m  OK  [0m] Reached target System Time Synchronized.
         Starting Update UTMP about System Boot/Shutdown...
[[0;32m  OK  [0m] Found device 82540EM Gigabit Ethern...r (PRO/1000 MT Desktop Adapter).
[[0;32m  OK  [0m] Started Update UTMP about System Boot/Shutdown.
[[0;32m  OK  [0m] Found device 82540EM Gigabit Ethern...r (PRO/1000 MT Desktop Adapter).
[[0;32m  OK  [0m] Started Set console font and keymap.
[[0;32m  OK  [0m] Started LSB: AppArmor initialization.
[[0;32m  OK  [0m] Listening on Load/Save RF Kill Switch Status /dev/rfkill Watch.
[[0;32m  OK  [0m] Created slice system-getty.slice.
[   39.439954] cloud-init[428]: Cloud-init v. 17.1 running 'init-local' at Thu, 14 Dec 2017 07:03:07 +0000. Up 38.78 seconds.
[[0;32m  OK  [0m] Started Initial cloud-init job (pre-networking).
[[0;32m  OK  [0m] Reached target Network (Pre).
[[0;32m  OK  [0m] Started ifup for enp0s8.
         Starting Raise network interfaces...
[[0;32m  OK  [0m] Started ifup for enp0s3.
[[0;32m  OK  [0m] Started Raise network interfaces.
[[0;32m  OK  [0m] Reached target Network.
         Starting Initial cloud-init job (metadata service crawler)...
[   42.089832] cloud-init[1043]: Cloud-init v. 17.1 running 'init' at Thu, 14 Dec 2017 07:03:09 +0000. Up 40.39 seconds.
[   42.103820] cloud-init[1043]: ci-info: ++++++++++++++++++++++++++++++++++++++Net device info++++++++++++++++++++++++++++++++++++++
[   42.109964] cloud-init[1043]: ci-info: +--------+------+-----------------------------+---------------+-------+-------------------+
[   42.116318] cloud-init[1043]: ci-info: | Device |  Up  |           Address           |      Mask     | Scope |     Hw-Address    |
[   42.123928] cloud-init[1043]: ci-info: +--------+------+-----------------------------+---------------+-------+-------------------+
[   42.132674] cloud-init[1043]: ci-info: | enp0s3 | True |          10.0.2.15          | 255.255.255.0 |   .   | 02:15:29:52:b1:84 |
[   42.197628] cloud-init[1043]: ci-info: | enp0s3 | True |  fe80::15:29ff:fe52:b184/64 |       .       |  link | 02:15:29:52:b1:84 |
[   42.206672] cloud-init[1043]: ci-info: | enp0s8 | True |        192.168.33.19        | 255.255.255.0 |   .   | 08:00:27:12:9d:4a |
[   42.207277] cloud-init[1043]: ci-info: | enp0s8 | True | fe80::a00:27ff:fe12:9d4a/64 |       .       |  link | 08:00:27:12:9d:4a |
[[0;32m  OK  [0m] Started Initial cloud-init job (metadata service crawler).
[   42.207450] cloud-init[1043]: ci-info: |   lo   | True |          127.0.0.1          |   255.0.0.0   |   .   |         .         |
[   42.303105] [[0;32m  OK  [0m] Reached target Cloud-config availability.
[[0;32m  OK  [0m] Reached target System Initialization.
[[0;32m  OK  [0m] Listening on D-Bus System Message Bus Socket.
         Starting Socket activation for snappy daemon.
cloud-init[1043]: ci-info: |   lo   | True |           ::1/128           |       .       |  host |         .         |
[   42.325115] cloud-init[1043]: ci-info: +--------+------+-----------------------------+---------------+-------+-------------------+
[   42.368497] [cloud-init[0;32m  OK  [0m[1043]: ] ci-info: ++++++++++++++++++++++++++++Route IPv4 info++++++++++++++++++++++++++++Started Timer to automatically refresh installed snaps.

[   42.437813]          cloud-initStarting LXD - unix socket.[1043]: 
ci-info: +-------+--------------+----------+---------------+-----------+-------+
[   42.501834] [cloud-init[0;32m  OK  [0m[1043]: ] ci-info: | Route | Destination  | Gateway  |    Genmask    | Interface | Flags |Listening on UUID daemon activation socket.

[   42.503014] cloud-init[1043]: ci-info: +-------+--------------+----------+---------------+-----------+-------+[
[0;32m  OK  [0m] Started Daily Cleanup of Temporary Directories.
[   42.516194] cloud-init[1043]: ci-info: |   0   |   0.0.0.0    | 10.0.2.2 |    0.0.0.0    |   enp0s3  |   UG  |
[   42.599878] [cloud-init[0;32m  OK  [0m[1043]: ] ci-info: |   1   |   10.0.2.0   | 0.0.0.0  | 255.255.255.0 |   enp0s3  |   U   |Started ACPI Events Check.

[   42.721249] [cloud-init[0;32m  OK  [0m[1043]: ] ci-info: |   2   | 192.168.33.0 | 0.0.0.0  | 255.255.255.0 |   enp0s8  |   U   |Reached target Paths.

[   42.776480] [cloud-init[0;32m  OK  [0m[1043]: ] ci-info: +-------+--------------+----------+---------------+-----------+-------+Listening on ACPID Listen Socket.

[[0;32m  OK  [0m] Reached target Network is Online.
         Starting iSCSI initiator daemon (iscsid)...
[[0;32m  OK  [0m] Started Daily apt download activities.
[[0;32m  OK  [0m] Started Daily apt upgrade and clean activities.
[[0;32m  OK  [0m] Reached target Timers.
[[0;32m  OK  [0m] Listening on Socket activation for snappy daemon.
[[0;32m  OK  [0m] Listening on LXD - unix socket.
[[0;32m  OK  [0m] Reached target Sockets.
[[0;32m  OK  [0m] Reached target Basic System.
         Starting Login Service...
         Starting LSB: Record successful boot for GRUB...
[[0;32m  OK  [0m] Started ACPI event daemon.
         Starting Apply the settings specified in cloud-config...
[[0;32m  OK  [0m] Started FUSE filesystem for LXC.
[[0;32m  OK  [0m] Started Regular background program processing daemon.
         Starting LXD - container startup/shutdown...
         Starting /etc/rc.local Compatibility...
         Starting MySQL Community Server...
         Starting System Logging Service...
[[0;32m  OK  [0m] Started Unattended Upgrades Shutdown.
[[0;32m  OK  [0m] Started Deferred execution scheduler.
[[0;32m  OK  [0m] Started D-Bus System Message Bus.
         Starting Accounts Service...
         Starting OpenBSD Secure Shell server...
[   43.793259] cloud-init[1108]: Cloud-init v. 17.1 running 'modules:config' at Thu, 14 Dec 2017 07:03:12 +0000. Up 43.53 seconds.
         Starting LSB: MD monitoring daemon...
         Starting Snappy daemon...
[[0;32m  OK  [0m] Started System Logging Service.
[[0;32m  OK  [0m] Started iSCSI initiator daemon (iscsid).
[[0;32m  OK  [0m] Started Apply the settings specified in cloud-config.
[[0;32m  OK  [0m] Started /etc/rc.local Compatibility.
         Starting Login to default iSCSI targets...
[[0;32m  OK  [0m] Started Login Service.
[[0;32m  OK  [0m] Started LSB: Record successful boot for GRUB.
[[0;32m  OK  [0m] Started OpenBSD Secure Shell server.
[[0;32m  OK  [0m] Started LSB: MD monitoring daemon.
         Starting Authenticate and Authorize Users to Run Privileged Tasks...
[[0;32m  OK  [0m] Started Login to default iSCSI targets.
[[0;32m  OK  [0m] Reached target Remote File Systems (Pre).
[[0;32m  OK  [0m] Reached target Remote File Systems.
         Starting LSB: automatic crash report generation...
         Starting LSB: daemon to balance interrupts for SMP systems...
         Starting Permit User Sessions...
         Starting LSB: Set the CPU Frequency Scaling governor to "ondemand"...
         Starting LSB: VirtualBox Linux Additions...
         Starting LSB: Apache2 web server...
[[0;32m  OK  [0m] Started LSB: Set the CPU Frequency Scaling governor to "ondemand".
[[0;32m  OK  [0m] Started Permit User Sessions.
         Starting Hold until boot process finishes up...
         Starting Terminate Plymouth Boot Screen...
[[0;32m  OK  [0m] Started Hold until boot process finishes up.
[[0;32m  OK  [0m] Started Terminate Plymouth Boot Screen.
         Starting Set console scheme...
[[0;32m  OK  [0m] Started Serial Getty on ttyS0.
[[0;32m  OK  [0m] Started Getty on tty1.
[[0;32m  OK  [0m] Reached target Login Prompts.
[[0;32m  OK  [0m] Started Set console scheme.
[[0;32m  OK  [0m] Started LSB: daemon to balance interrupts for SMP systems.
[[0;32m  OK  [0m] Started LSB: automatic crash report generation.
[[0;32m  OK  [0m] Started Authenticate and Authorize Users to Run Privileged Tasks.
[[0;32m  OK  [0m] Started Accounts Service.
[[0;32m  OK  [0m] Started LSB: VirtualBox Linux Additions.
[[0;32m  OK  [0m] Created slice User Slice of ubuntu.
         Starting User Manager for UID 1000...
[[0;32m  OK  [0m] Started LXD - container startup/shutdown.
[[0;32m  OK  [0m] Started Session 1 of user ubuntu.
[[0;32m  OK  [0m] Started User Manager for UID 1000.
[[0;32m  OK  [0m] Started Snappy daemon.

Ubuntu 16.04.3 LTS ubuntu-xenial ttyS0

ubuntu-xenial login: [   52.589276] cloud-init[1542]: Cloud-init v. 17.1 running 'modules:final' at Thu, 14 Dec 2017 07:03:20 +0000. Up 52.06 seconds.
[   52.595489] cloud-init[1542]: Cloud-init v. 17.1 finished at Thu, 14 Dec 2017 07:03:21 +0000. Datasource DataSourceNoCloud [seed=/dev/sdb][dsmode=net].  Up 52.58 seconds
